mode: set
github.com/horaciobranciforte/curiosity-chat-api/cmd/api/main.go:41.13,47.16 4 0
github.com/horaciobranciforte/curiosity-chat-api/cmd/api/main.go:47.16,48.50 1 0
github.com/horaciobranciforte/curiosity-chat-api/cmd/api/main.go:50.2,54.16 3 0
github.com/horaciobranciforte/curiosity-chat-api/cmd/api/main.go:54.16,56.3 1 0
github.com/horaciobranciforte/curiosity-chat-api/cmd/api/main.go:57.2,65.26 5 0
github.com/horaciobranciforte/curiosity-chat-api/cmd/api/main.go:65.26,67.3 1 0
github.com/horaciobranciforte/curiosity-chat-api/cmd/api/main.go:67.8,69.3 1 0
github.com/horaciobranciforte/curiosity-chat-api/cmd/api/main.go:72.2,109.12 17 0
github.com/horaciobranciforte/curiosity-chat-api/cmd/api/main.go:109.12,111.87 2 0
github.com/horaciobranciforte/curiosity-chat-api/cmd/api/main.go:111.87,113.4 1 0
github.com/horaciobranciforte/curiosity-chat-api/cmd/api/main.go:116.2,122.42 5 0
github.com/horaciobranciforte/curiosity-chat-api/cmd/api/main.go:122.42,124.3 1 0
github.com/horaciobranciforte/curiosity-chat-api/cmd/api/main.go:126.2,126.31 1 0
github.com/horaciobranciforte/curiosity-chat-api/cmd/api/main.go:129.61,131.22 2 0
github.com/horaciobranciforte/curiosity-chat-api/cmd/api/main.go:131.22,133.3 1 0
github.com/horaciobranciforte/curiosity-chat-api/cmd/api/main.go:133.8,135.3 1 0
github.com/horaciobranciforte/curiosity-chat-api/cmd/api/main.go:137.2,137.15 1 0
github.com/horaciobranciforte/curiosity-chat-api/cmd/api/main.go:138.15,139.51 1 0
github.com/horaciobranciforte/curiosity-chat-api/cmd/api/main.go:140.14,141.50 1 0
github.com/horaciobranciforte/curiosity-chat-api/cmd/api/main.go:142.15,143.51 1 0
github.com/horaciobranciforte/curiosity-chat-api/cmd/api/main.go:144.10,145.50 1 0
github.com/horaciobranciforte/curiosity-chat-api/cmd/api/main.go:148.2,148.20 1 0
github.com/horaciobranciforte/curiosity-chat-api/internal/ws/hub.go:86.20,93.2 1 0
github.com/horaciobranciforte/curiosity-chat-api/internal/ws/hub.go:96.21,97.6 1 0
github.com/horaciobranciforte/curiosity-chat-api/internal/ws/hub.go:97.6,98.10 1 0
github.com/horaciobranciforte/curiosity-chat-api/internal/ws/hub.go:99.31,101.39 2 0
github.com/horaciobranciforte/curiosity-chat-api/internal/ws/hub.go:101.39,103.5 1 0
github.com/horaciobranciforte/curiosity-chat-api/internal/ws/hub.go:104.4,105.17 2 0
github.com/horaciobranciforte/curiosity-chat-api/internal/ws/hub.go:107.33,109.49 2 0
github.com/horaciobranciforte/curiosity-chat-api/internal/ws/hub.go:109.49,111.24 2 0
github.com/horaciobranciforte/curiosity-chat-api/internal/ws/hub.go:111.24,113.6 1 0
github.com/horaciobranciforte/curiosity-chat-api/internal/ws/hub.go:115.4,116.22 2 0
github.com/horaciobranciforte/curiosity-chat-api/internal/ws/hub.go:118.29,122.30 4 0
github.com/horaciobranciforte/curiosity-chat-api/internal/ws/hub.go:122.30,123.12 1 0
github.com/horaciobranciforte/curiosity-chat-api/internal/ws/hub.go:124.37,124.37 0 0
github.com/horaciobranciforte/curiosity-chat-api/internal/ws/hub.go:125.13,125.13 0 0
github.com/horaciobranciforte/curiosity-chat-api/internal/ws/hub.go:134.35,134.54 1 0
github.com/horaciobranciforte/curiosity-chat-api/internal/ws/hub.go:137.37,137.58 1 0
github.com/horaciobranciforte/curiosity-chat-api/internal/ws/hub.go:140.63,142.16 2 0
github.com/horaciobranciforte/curiosity-chat-api/internal/ws/hub.go:142.16,144.3 1 0
github.com/horaciobranciforte/curiosity-chat-api/internal/ws/hub.go:145.2,145.71 1 0
github.com/horaciobranciforte/curiosity-chat-api/internal/ws/hub.go:150.51,152.16 2 0
github.com/horaciobranciforte/curiosity-chat-api/internal/ws/hub.go:152.16,154.3 1 0
github.com/horaciobranciforte/curiosity-chat-api/internal/ws/hub.go:155.2,155.71 1 0
github.com/horaciobranciforte/curiosity-chat-api/internal/ws/hub.go:159.44,163.2 3 0
github.com/horaciobranciforte/curiosity-chat-api/internal/ws/hub.go:166.30,168.26 2 0
github.com/horaciobranciforte/curiosity-chat-api/internal/ws/hub.go:168.26,169.73 1 0
github.com/horaciobranciforte/curiosity-chat-api/internal/ws/hub.go:169.73,171.4 1 0
github.com/horaciobranciforte/curiosity-chat-api/internal/adapter/http/response/conversation_response.go:21.76,31.28 2 0
github.com/horaciobranciforte/curiosity-chat-api/internal/adapter/http/response/conversation_response.go:31.28,34.3 2 0
github.com/horaciobranciforte/curiosity-chat-api/internal/adapter/http/response/conversation_response.go:35.2,35.12 1 0
github.com/horaciobranciforte/curiosity-chat-api/internal/adapter/http/response/conversation_response.go:39.88,41.26 2 0
github.com/horaciobranciforte/curiosity-chat-api/internal/adapter/http/response/conversation_response.go:41.26,43.3 1 0
github.com/horaciobranciforte/curiosity-chat-api/internal/adapter/http/response/conversation_response.go:44.2,44.13 1 0
github.com/horaciobranciforte/curiosity-chat-api/internal/adapter/http/response/message_response.go:25.61,40.2 1 0
github.com/horaciobranciforte/curiosity-chat-api/internal/adapter/http/response/message_response.go:43.72,45.25 2 0
github.com/horaciobranciforte/curiosity-chat-api/internal/adapter/http/response/message_response.go:45.25,47.3 1 0
github.com/horaciobranciforte/curiosity-chat-api/internal/adapter/http/response/message_response.go:48.2,48.13 1 0
github.com/horaciobranciforte/curiosity-chat-api/internal/adapter/http/response/response.go:12.56,15.57 3 0
github.com/horaciobranciforte/curiosity-chat-api/internal/adapter/http/response/response.go:15.57,17.3 1 0
github.com/horaciobranciforte/curiosity-chat-api/internal/adapter/http/response/response.go:21.56,24.57 3 0
github.com/horaciobranciforte/curiosity-chat-api/internal/adapter/http/response/response.go:24.57,26.3 1 0
github.com/horaciobranciforte/curiosity-chat-api/internal/adapter/http/response/response.go:30.102,35.16 4 0
github.com/horaciobranciforte/curiosity-chat-api/internal/adapter/http/response/response.go:35.16,38.3 2 0
github.com/horaciobranciforte/curiosity-chat-api/internal/adapter/http/response/response.go:40.2,41.9 2 0
github.com/horaciobranciforte/curiosity-chat-api/internal/adapter/http/response/response.go:41.9,44.3 2 0
github.com/horaciobranciforte/curiosity-chat-api/internal/adapter/http/response/response.go:46.2,58.16 5 0
github.com/horaciobranciforte/curiosity-chat-api/internal/adapter/http/response/response.go:58.16,60.21 2 0
github.com/horaciobranciforte/curiosity-chat-api/internal/adapter/http/response/response.go:60.21,62.4 1 0
github.com/horaciobranciforte/curiosity-chat-api/internal/adapter/http/response/response.go:63.3,64.31 2 0
github.com/horaciobranciforte/curiosity-chat-api/internal/adapter/http/response/response.go:66.2,66.26 1 0
github.com/horaciobranciforte/curiosity-chat-api/internal/adapter/http/response/response.go:66.26,69.3 2 0
github.com/horaciobranciforte/curiosity-chat-api/internal/adapter/http/response/response.go:71.2,71.56 1 0
github.com/horaciobranciforte/curiosity-chat-api/internal/adapter/http/response/response.go:71.56,73.3 1 0
github.com/horaciobranciforte/curiosity-chat-api/internal/adapter/http/response/response.go:77.73,90.2 4 0
github.com/horaciobranciforte/curiosity-chat-api/internal/adapter/http/response/response.go:93.68,97.2 3 0
github.com/horaciobranciforte/curiosity-chat-api/internal/adapter/repository/postgres/conversation_repository.go:21.69,23.2 1 0
github.com/horaciobranciforte/curiosity-chat-api/internal/adapter/repository/postgres/conversation_repository.go:33.58,41.2 1 0
github.com/horaciobranciforte/curiosity-chat-api/internal/adapter/repository/postgres/conversation_repository.go:43.92,48.2 3 0
github.com/horaciobranciforte/curiosity-chat-api/internal/adapter/repository/postgres/conversation_repository.go:50.104,54.58 3 0
github.com/horaciobranciforte/curiosity-chat-api/internal/adapter/repository/postgres/conversation_repository.go:54.58,55.36 1 0
github.com/horaciobranciforte/curiosity-chat-api/internal/adapter/repository/postgres/conversation_repository.go:55.36,57.4 1 0
github.com/horaciobranciforte/curiosity-chat-api/internal/adapter/repository/postgres/conversation_repository.go:58.3,58.18 1 0
github.com/horaciobranciforte/curiosity-chat-api/internal/adapter/repository/postgres/conversation_repository.go:60.2,60.28 1 0
github.com/horaciobranciforte/curiosity-chat-api/internal/adapter/repository/postgres/conversation_repository.go:63.124,66.13 2 0
github.com/horaciobranciforte/curiosity-chat-api/internal/adapter/repository/postgres/conversation_repository.go:66.13,68.3 1 0
github.com/horaciobranciforte/curiosity-chat-api/internal/adapter/repository/postgres/conversation_repository.go:69.2,72.62 3 0
github.com/horaciobranciforte/curiosity-chat-api/internal/adapter/repository/postgres/conversation_repository.go:72.62,73.36 1 0
github.com/horaciobranciforte/curiosity-chat-api/internal/adapter/repository/postgres/conversation_repository.go:73.36,75.4 1 0
github.com/horaciobranciforte/curiosity-chat-api/internal/adapter/repository/postgres/conversation_repository.go:76.3,76.18 1 0
github.com/horaciobranciforte/curiosity-chat-api/internal/adapter/repository/postgres/conversation_repository.go:78.2,78.28 1 0
github.com/horaciobranciforte/curiosity-chat-api/internal/adapter/repository/postgres/conversation_repository.go:81.132,88.81 3 0
github.com/horaciobranciforte/curiosity-chat-api/internal/adapter/repository/postgres/conversation_repository.go:88.81,90.3 1 0
github.com/horaciobranciforte/curiosity-chat-api/internal/adapter/repository/postgres/conversation_repository.go:91.2,92.27 2 0
github.com/horaciobranciforte/curiosity-chat-api/internal/adapter/repository/postgres/conversation_repository.go:92.27,94.3 1 0
github.com/horaciobranciforte/curiosity-chat-api/internal/adapter/repository/postgres/conversation_repository.go:95.2,95.19 1 0
github.com/horaciobranciforte/curiosity-chat-api/internal/adapter/repository/postgres/conversation_repository.go:98.95,101.64 3 0
github.com/horaciobranciforte/curiosity-chat-api/internal/adapter/repository/postgres/conversation_repository.go:101.64,103.3 1 0
github.com/horaciobranciforte/curiosity-chat-api/internal/adapter/repository/postgres/conversation_repository.go:104.2,104.19 1 0
github.com/horaciobranciforte/curiosity-chat-api/internal/adapter/repository/postgres/conversation_repository.go:107.105,111.2 3 0
github.com/horaciobranciforte/curiosity-chat-api/internal/adapter/repository/postgres/message_repository.go:19.59,21.2 1 0
github.com/horaciobranciforte/curiosity-chat-api/internal/adapter/repository/postgres/message_repository.go:35.48,47.2 1 0
github.com/horaciobranciforte/curiosity-chat-api/internal/adapter/repository/postgres/message_repository.go:49.82,54.2 3 0
github.com/horaciobranciforte/curiosity-chat-api/internal/adapter/repository/postgres/message_repository.go:56.138,63.89 3 0
github.com/horaciobranciforte/curiosity-chat-api/internal/adapter/repository/postgres/message_repository.go:63.89,65.3 1 0
github.com/horaciobranciforte/curiosity-chat-api/internal/adapter/repository/postgres/message_repository.go:66.2,67.27 2 0
github.com/horaciobranciforte/curiosity-chat-api/internal/adapter/repository/postgres/message_repository.go:67.27,69.3 1 0
github.com/horaciobranciforte/curiosity-chat-api/internal/adapter/repository/postgres/message_repository.go:70.2,70.18 1 0
github.com/horaciobranciforte/curiosity-chat-api/internal/adapter/repository/postgres/message_repository.go:73.95,77.2 3 0
github.com/horaciobranciforte/curiosity-chat-api/internal/adapter/repository/postgres/message_repository.go:79.120,92.35 4 0
github.com/horaciobranciforte/curiosity-chat-api/internal/adapter/repository/postgres/message_repository.go:92.35,94.3 1 0
github.com/horaciobranciforte/curiosity-chat-api/internal/adapter/repository/postgres/message_repository.go:95.2,95.20 1 0
github.com/horaciobranciforte/curiosity-chat-api/internal/adapter/repository/postgres/message_repository.go:98.106,101.72 3 0
github.com/horaciobranciforte/curiosity-chat-api/internal/adapter/repository/postgres/message_repository.go:101.72,103.3 1 0
github.com/horaciobranciforte/curiosity-chat-api/internal/adapter/repository/postgres/message_repository.go:104.2,104.19 1 0
github.com/horaciobranciforte/curiosity-chat-api/internal/adapter/http/router/router.go:22.12,37.65 8 0
github.com/horaciobranciforte/curiosity-chat-api/internal/adapter/http/router/router.go:37.65,39.3 1 0
github.com/horaciobranciforte/curiosity-chat-api/internal/adapter/http/router/router.go:40.2,42.40 2 0
github.com/horaciobranciforte/curiosity-chat-api/internal/adapter/http/router/router.go:42.40,49.30 3 0
github.com/horaciobranciforte/curiosity-chat-api/internal/adapter/http/router/router.go:49.30,52.49 2 0
github.com/horaciobranciforte/curiosity-chat-api/internal/adapter/http/router/router.go:52.49,58.5 5 0
github.com/horaciobranciforte/curiosity-chat-api/internal/adapter/http/router/router.go:62.2,62.10 1 0
github.com/horaciobranciforte/curiosity-chat-api/internal/adapter/http/router/router.go:65.64,67.16 2 0
github.com/horaciobranciforte/curiosity-chat-api/internal/adapter/http/router/router.go:67.16,70.3 2 0
github.com/horaciobranciforte/curiosity-chat-api/internal/adapter/http/router/router.go:71.2,72.15 2 0
github.com/horaciobranciforte/curiosity-chat-api/internal/adapter/http/router/router.go:75.63,99.2 2 0
github.com/horaciobranciforte/curiosity-chat-api/internal/adapter/http/handler/conversation_handler.go:26.24,32.2 1 0
github.com/horaciobranciforte/curiosity-chat-api/internal/adapter/http/handler/conversation_handler.go:54.78,58.61 3 0
github.com/horaciobranciforte/curiosity-chat-api/internal/adapter/http/handler/conversation_handler.go:58.61,61.3 2 0
github.com/horaciobranciforte/curiosity-chat-api/internal/adapter/http/handler/conversation_handler.go:63.2,64.16 2 0
github.com/horaciobranciforte/curiosity-chat-api/internal/adapter/http/handler/conversation_handler.go:64.16,67.3 2 0
github.com/horaciobranciforte/curiosity-chat-api/internal/adapter/http/handler/conversation_handler.go:69.2,69.61 1 0
github.com/horaciobranciforte/curiosity-chat-api/internal/adapter/http/handler/conversation_handler.go:86.75,91.16 4 0
github.com/horaciobranciforte/curiosity-chat-api/internal/adapter/http/handler/conversation_handler.go:91.16,94.3 2 0
github.com/horaciobranciforte/curiosity-chat-api/internal/adapter/http/handler/conversation_handler.go:96.2,96.61 1 0
github.com/horaciobranciforte/curiosity-chat-api/internal/adapter/http/handler/conversation_handler.go:112.76,117.16 5 0
github.com/horaciobranciforte/curiosity-chat-api/internal/adapter/http/handler/conversation_handler.go:117.16,119.3 1 0
github.com/horaciobranciforte/curiosity-chat-api/internal/adapter/http/handler/conversation_handler.go:121.2,122.16 2 0
github.com/horaciobranciforte/curiosity-chat-api/internal/adapter/http/handler/conversation_handler.go:122.16,125.3 2 0
github.com/horaciobranciforte/curiosity-chat-api/internal/adapter/http/handler/conversation_handler.go:127.2,127.116 1 0
github.com/horaciobranciforte/curiosity-chat-api/internal/adapter/http/handler/error_handler.go:12.59,14.29 2 0
github.com/horaciobranciforte/curiosity-chat-api/internal/adapter/http/handler/error_handler.go:14.29,18.3 3 0
github.com/horaciobranciforte/curiosity-chat-api/internal/adapter/http/handler/error_handler.go:19.2,19.89 1 0
github.com/horaciobranciforte/curiosity-chat-api/internal/adapter/http/handler/error_handler.go:22.35,23.16 1 0
github.com/horaciobranciforte/curiosity-chat-api/internal/adapter/http/handler/error_handler.go:24.29,25.23 1 0
github.com/horaciobranciforte/curiosity-chat-api/internal/adapter/http/handler/error_handler.go:26.31,27.24 1 0
github.com/horaciobranciforte/curiosity-chat-api/internal/adapter/http/handler/error_handler.go:28.28,29.21 1 0
github.com/horaciobranciforte/curiosity-chat-api/internal/adapter/http/handler/error_handler.go:30.27,31.21 1 0
github.com/horaciobranciforte/curiosity-chat-api/internal/adapter/http/handler/error_handler.go:32.27,33.20 1 0
github.com/horaciobranciforte/curiosity-chat-api/internal/adapter/http/handler/error_handler.go:34.10,35.33 1 0
github.com/horaciobranciforte/curiosity-chat-api/internal/adapter/http/handler/health_handler.go:13.40,13.67 1 0
github.com/horaciobranciforte/curiosity-chat-api/internal/adapter/http/handler/health_handler.go:23.72,25.2 1 0
github.com/horaciobranciforte/curiosity-chat-api/internal/adapter/http/handler/message_handler.go:24.19,29.2 1 0
github.com/horaciobranciforte/curiosity-chat-api/internal/adapter/http/handler/message_handler.go:55.71,60.61 4 0
github.com/horaciobranciforte/curiosity-chat-api/internal/adapter/http/handler/message_handler.go:60.61,63.3 2 0
github.com/horaciobranciforte/curiosity-chat-api/internal/adapter/http/handler/message_handler.go:65.2,71.16 2 0
github.com/horaciobranciforte/curiosity-chat-api/internal/adapter/http/handler/message_handler.go:71.16,74.3 2 0
github.com/horaciobranciforte/curiosity-chat-api/internal/adapter/http/handler/message_handler.go:76.2,76.55 1 0
github.com/horaciobranciforte/curiosity-chat-api/internal/adapter/http/handler/message_handler.go:95.71,101.16 6 0
github.com/horaciobranciforte/curiosity-chat-api/internal/adapter/http/handler/message_handler.go:101.16,103.3 1 0
github.com/horaciobranciforte/curiosity-chat-api/internal/adapter/http/handler/message_handler.go:105.2,106.16 2 0
github.com/horaciobranciforte/curiosity-chat-api/internal/adapter/http/handler/message_handler.go:106.16,109.3 2 0
github.com/horaciobranciforte/curiosity-chat-api/internal/adapter/http/handler/message_handler.go:111.2,112.94 2 0
github.com/horaciobranciforte/curiosity-chat-api/internal/adapter/http/handler/ws_handler.go:19.46,19.61 1 0
github.com/horaciobranciforte/curiosity-chat-api/internal/adapter/http/handler/ws_handler.go:40.14,49.2 1 0
github.com/horaciobranciforte/curiosity-chat-api/internal/adapter/http/handler/ws_handler.go:66.69,68.16 2 0
github.com/horaciobranciforte/curiosity-chat-api/internal/adapter/http/handler/ws_handler.go:68.16,71.3 2 0
github.com/horaciobranciforte/curiosity-chat-api/internal/adapter/http/handler/ws_handler.go:73.2,74.16 2 0
github.com/horaciobranciforte/curiosity-chat-api/internal/adapter/http/handler/ws_handler.go:74.16,82.3 4 0
github.com/horaciobranciforte/curiosity-chat-api/internal/adapter/http/handler/ws_handler.go:84.2,92.20 4 0
github.com/horaciobranciforte/curiosity-chat-api/internal/adapter/http/handler/ws_handler.go:97.72,102.16 4 0
github.com/horaciobranciforte/curiosity-chat-api/internal/adapter/http/handler/ws_handler.go:102.16,104.3 1 0
github.com/horaciobranciforte/curiosity-chat-api/internal/adapter/http/handler/ws_handler.go:106.2,107.53 2 0
github.com/horaciobranciforte/curiosity-chat-api/internal/adapter/http/handler/ws_handler.go:107.53,109.3 1 0
github.com/horaciobranciforte/curiosity-chat-api/internal/adapter/http/handler/ws_handler.go:111.2,111.59 1 0
github.com/horaciobranciforte/curiosity-chat-api/internal/adapter/http/handler/ws_handler.go:111.59,113.3 1 0
github.com/horaciobranciforte/curiosity-chat-api/internal/adapter/http/handler/ws_handler.go:115.2,116.16 2 0
github.com/horaciobranciforte/curiosity-chat-api/internal/adapter/http/handler/ws_handler.go:116.16,118.3 1 0
github.com/horaciobranciforte/curiosity-chat-api/internal/adapter/http/handler/ws_handler.go:120.2,123.20 3 0
github.com/horaciobranciforte/curiosity-chat-api/internal/adapter/http/handler/ws_handler.go:126.49,127.15 1 0
github.com/horaciobranciforte/curiosity-chat-api/internal/adapter/http/handler/ws_handler.go:127.15,130.3 2 0
github.com/horaciobranciforte/curiosity-chat-api/internal/adapter/http/handler/ws_handler.go:132.2,132.6 1 0
github.com/horaciobranciforte/curiosity-chat-api/internal/adapter/http/handler/ws_handler.go:132.6,134.17 2 0
github.com/horaciobranciforte/curiosity-chat-api/internal/adapter/http/handler/ws_handler.go:134.17,135.103 1 0
github.com/horaciobranciforte/curiosity-chat-api/internal/adapter/http/handler/ws_handler.go:135.103,139.5 1 0
github.com/horaciobranciforte/curiosity-chat-api/internal/adapter/http/handler/ws_handler.go:140.4,140.10 1 0
github.com/horaciobranciforte/curiosity-chat-api/internal/adapter/http/handler/ws_handler.go:143.3,144.57 2 0
github.com/horaciobranciforte/curiosity-chat-api/internal/adapter/http/handler/ws_handler.go:144.57,148.12 2 0
github.com/horaciobranciforte/curiosity-chat-api/internal/adapter/http/handler/ws_handler.go:151.3,153.24 2 0
github.com/horaciobranciforte/curiosity-chat-api/internal/adapter/http/handler/ws_handler.go:154.17,155.41 1 0
github.com/horaciobranciforte/curiosity-chat-api/internal/adapter/http/handler/ws_handler.go:156.15,157.39 1 0
github.com/horaciobranciforte/curiosity-chat-api/internal/adapter/http/handler/ws_handler.go:158.11,159.46 1 0
github.com/horaciobranciforte/curiosity-chat-api/internal/adapter/http/handler/ws_handler.go:164.103,165.35 1 0
github.com/horaciobranciforte/curiosity-chat-api/internal/adapter/http/handler/ws_handler.go:165.35,167.3 1 0
github.com/horaciobranciforte/curiosity-chat-api/internal/adapter/http/handler/ws_handler.go:168.2,169.55 2 0
github.com/horaciobranciforte/curiosity-chat-api/internal/adapter/http/handler/ws_handler.go:169.55,171.3 1 0
github.com/horaciobranciforte/curiosity-chat-api/internal/adapter/http/handler/ws_handler.go:172.2,177.4 1 0
github.com/horaciobranciforte/curiosity-chat-api/internal/adapter/http/handler/ws_handler.go:180.101,181.35 1 0
github.com/horaciobranciforte/curiosity-chat-api/internal/adapter/http/handler/ws_handler.go:181.35,183.3 1 0
github.com/horaciobranciforte/curiosity-chat-api/internal/adapter/http/handler/ws_handler.go:184.2,185.55 2 0
github.com/horaciobranciforte/curiosity-chat-api/internal/adapter/http/handler/ws_handler.go:185.55,187.3 1 0
github.com/horaciobranciforte/curiosity-chat-api/internal/adapter/http/handler/ws_handler.go:188.2,189.16 2 0
github.com/horaciobranciforte/curiosity-chat-api/internal/adapter/http/handler/ws_handler.go:189.16,194.3 2 0
github.com/horaciobranciforte/curiosity-chat-api/internal/adapter/http/handler/ws_handler.go:195.2,195.18 1 0
github.com/horaciobranciforte/curiosity-chat-api/internal/adapter/http/handler/ws_handler.go:195.18,197.3 1 0
github.com/horaciobranciforte/curiosity-chat-api/internal/adapter/http/handler/ws_handler.go:198.2,203.4 1 0
github.com/horaciobranciforte/curiosity-chat-api/internal/adapter/http/handler/ws_handler.go:206.108,212.16 2 0
github.com/horaciobranciforte/curiosity-chat-api/internal/adapter/http/handler/ws_handler.go:212.16,217.3 2 0
github.com/horaciobranciforte/curiosity-chat-api/internal/adapter/http/handler/ws_handler.go:219.2,235.16 4 0
github.com/horaciobranciforte/curiosity-chat-api/internal/adapter/http/handler/ws_handler.go:235.16,240.3 2 0
github.com/horaciobranciforte/curiosity-chat-api/internal/adapter/http/handler/ws_handler.go:242.2,246.33 3 0
github.com/horaciobranciforte/curiosity-chat-api/internal/adapter/http/handler/ws_handler.go:246.33,247.86 1 0
github.com/horaciobranciforte/curiosity-chat-api/internal/adapter/http/handler/ws_handler.go:247.86,253.4 1 0
github.com/horaciobranciforte/curiosity-chat-api/internal/infrastructure/authclient/client.go:20.53,26.2 1 0
github.com/horaciobranciforte/curiosity-chat-api/internal/infrastructure/authclient/client.go:30.63,32.2 1 0
github.com/horaciobranciforte/curiosity-chat-api/internal/infrastructure/authclient/client.go:34.87,37.16 2 0
github.com/horaciobranciforte/curiosity-chat-api/internal/infrastructure/authclient/client.go:37.16,39.3 1 0
github.com/horaciobranciforte/curiosity-chat-api/internal/infrastructure/authclient/client.go:40.2,44.16 4 0
github.com/horaciobranciforte/curiosity-chat-api/internal/infrastructure/authclient/client.go:44.16,46.3 1 0
github.com/horaciobranciforte/curiosity-chat-api/internal/infrastructure/authclient/client.go:47.2,49.48 2 0
github.com/horaciobranciforte/curiosity-chat-api/internal/infrastructure/authclient/client.go:49.48,51.3 1 0
github.com/horaciobranciforte/curiosity-chat-api/internal/infrastructure/authclient/client.go:52.2,52.38 1 0
github.com/horaciobranciforte/curiosity-chat-api/internal/infrastructure/authclient/client.go:52.38,54.3 1 0
github.com/horaciobranciforte/curiosity-chat-api/internal/infrastructure/authclient/client.go:56.2,59.65 2 0
github.com/horaciobranciforte/curiosity-chat-api/internal/infrastructure/authclient/client.go:59.65,61.3 1 0
github.com/horaciobranciforte/curiosity-chat-api/internal/infrastructure/authclient/client.go:62.2,62.23 1 0
github.com/horaciobranciforte/curiosity-chat-api/internal/infrastructure/authclient/client.go:62.23,64.3 1 0
github.com/horaciobranciforte/curiosity-chat-api/internal/infrastructure/authclient/client.go:65.2,65.25 1 0
github.com/horaciobranciforte/curiosity-chat-api/internal/infrastructure/database/postgres.go:9.50,11.16 2 0
github.com/horaciobranciforte/curiosity-chat-api/internal/infrastructure/database/postgres.go:11.16,13.3 1 0
github.com/horaciobranciforte/curiosity-chat-api/internal/infrastructure/database/postgres.go:14.2,16.16 3 0
github.com/horaciobranciforte/curiosity-chat-api/internal/infrastructure/followclient/client.go:17.53,23.2 1 0
github.com/horaciobranciforte/curiosity-chat-api/internal/infrastructure/followclient/client.go:29.87,32.16 3 0
github.com/horaciobranciforte/curiosity-chat-api/internal/infrastructure/followclient/client.go:32.16,34.3 1 0
github.com/horaciobranciforte/curiosity-chat-api/internal/infrastructure/followclient/client.go:35.2,38.16 3 0
github.com/horaciobranciforte/curiosity-chat-api/internal/infrastructure/followclient/client.go:38.16,40.3 1 0
github.com/horaciobranciforte/curiosity-chat-api/internal/infrastructure/followclient/client.go:41.2,43.38 2 0
github.com/horaciobranciforte/curiosity-chat-api/internal/infrastructure/followclient/client.go:43.38,45.3 1 0
github.com/horaciobranciforte/curiosity-chat-api/internal/infrastructure/followclient/client.go:47.2,48.65 2 0
github.com/horaciobranciforte/curiosity-chat-api/internal/infrastructure/followclient/client.go:48.65,50.3 1 0
github.com/horaciobranciforte/curiosity-chat-api/internal/infrastructure/followclient/client.go:51.2,51.25 1 0
github.com/horaciobranciforte/curiosity-chat-api/internal/infrastructure/followclient/client.go:56.85,58.2 1 0
github.com/horaciobranciforte/curiosity-chat-api/docs/docs.go:430.13,432.2 1 0
github.com/horaciobranciforte/curiosity-chat-api/internal/infrastructure/config/config.go:19.21,28.2 1 0
github.com/horaciobranciforte/curiosity-chat-api/internal/infrastructure/config/config.go:30.24,39.2 7 0
github.com/horaciobranciforte/curiosity-chat-api/internal/infrastructure/config/config.go:41.42,42.34 1 0
github.com/horaciobranciforte/curiosity-chat-api/internal/infrastructure/config/config.go:42.34,44.3 1 0
github.com/horaciobranciforte/curiosity-chat-api/internal/infrastructure/config/config.go:45.2,45.17 1 0
github.com/horaciobranciforte/curiosity-chat-api/internal/infrastructure/config/config.go:48.33,50.13 2 0
github.com/horaciobranciforte/curiosity-chat-api/internal/infrastructure/config/config.go:50.13,51.73 1 0
github.com/horaciobranciforte/curiosity-chat-api/internal/infrastructure/config/config.go:53.2,53.10 1 0
github.com/horaciobranciforte/curiosity-chat-api/internal/pkg/apperror/error.go:31.63,33.2 1 0
github.com/horaciobranciforte/curiosity-chat-api/internal/pkg/apperror/error.go:35.46,39.2 3 0
github.com/horaciobranciforte/curiosity-chat-api/internal/pkg/apperror/error.go:41.32,42.18 1 0
github.com/horaciobranciforte/curiosity-chat-api/internal/pkg/apperror/error.go:42.18,44.3 1 0
github.com/horaciobranciforte/curiosity-chat-api/internal/pkg/apperror/error.go:45.2,45.49 1 0
github.com/horaciobranciforte/curiosity-chat-api/internal/pkg/apperror/error.go:48.32,48.48 1 0
github.com/horaciobranciforte/curiosity-chat-api/internal/pkg/apperror/error.go:50.34,51.16 1 0
github.com/horaciobranciforte/curiosity-chat-api/internal/pkg/apperror/error.go:52.20,53.29 1 0
github.com/horaciobranciforte/curiosity-chat-api/internal/pkg/apperror/error.go:54.38,55.31 1 0
github.com/horaciobranciforte/curiosity-chat-api/internal/pkg/apperror/error.go:56.39,57.29 1 0
github.com/horaciobranciforte/curiosity-chat-api/internal/pkg/apperror/error.go:58.24,59.33 1 0
github.com/horaciobranciforte/curiosity-chat-api/internal/pkg/apperror/error.go:60.21,61.30 1 0
github.com/horaciobranciforte/curiosity-chat-api/internal/pkg/apperror/error.go:62.10,63.40 1 0
github.com/horaciobranciforte/curiosity-chat-api/internal/pkg/apperror/error.go:67.54,67.101 1 0
github.com/horaciobranciforte/curiosity-chat-api/internal/pkg/apperror/error.go:68.54,68.103 1 0
github.com/horaciobranciforte/curiosity-chat-api/internal/pkg/apperror/error.go:69.54,69.101 1 0
github.com/horaciobranciforte/curiosity-chat-api/internal/pkg/apperror/error.go:70.54,70.106 1 0
github.com/horaciobranciforte/curiosity-chat-api/internal/pkg/apperror/error.go:71.54,71.101 1 0
github.com/horaciobranciforte/curiosity-chat-api/internal/pkg/apperror/error.go:72.54,72.105 1 0
github.com/horaciobranciforte/curiosity-chat-api/internal/pkg/apperror/error.go:73.54,73.102 1 0
github.com/horaciobranciforte/curiosity-chat-api/internal/pkg/apperror/error.go:74.54,74.103 1 0
github.com/horaciobranciforte/curiosity-chat-api/internal/pkg/apperror/error.go:76.37,79.2 2 0
github.com/horaciobranciforte/curiosity-chat-api/internal/pkg/apperror/error.go:81.35,81.71 1 0
github.com/horaciobranciforte/curiosity-chat-api/internal/pkg/apperror/error.go:82.35,82.71 1 0
github.com/horaciobranciforte/curiosity-chat-api/internal/pkg/apperror/error.go:83.35,83.73 1 0
github.com/horaciobranciforte/curiosity-chat-api/internal/pkg/apperror/error.go:84.35,84.72 1 0
github.com/horaciobranciforte/curiosity-chat-api/internal/adapter/http/middleware/auth.go:21.77,22.46 1 1
github.com/horaciobranciforte/curiosity-chat-api/internal/adapter/http/middleware/auth.go:22.46,23.72 1 1
github.com/horaciobranciforte/curiosity-chat-api/internal/adapter/http/middleware/auth.go:23.72,25.24 2 1
github.com/horaciobranciforte/curiosity-chat-api/internal/adapter/http/middleware/auth.go:25.24,28.5 2 1
github.com/horaciobranciforte/curiosity-chat-api/internal/adapter/http/middleware/auth.go:30.4,31.65 2 1
github.com/horaciobranciforte/curiosity-chat-api/internal/adapter/http/middleware/auth.go:31.65,34.5 2 1
github.com/horaciobranciforte/curiosity-chat-api/internal/adapter/http/middleware/auth.go:36.4,37.18 2 1
github.com/horaciobranciforte/curiosity-chat-api/internal/adapter/http/middleware/auth.go:37.18,40.5 2 1
github.com/horaciobranciforte/curiosity-chat-api/internal/adapter/http/middleware/auth.go:42.4,43.41 2 1
github.com/horaciobranciforte/curiosity-chat-api/internal/adapter/http/middleware/auth.go:49.52,50.48 1 1
github.com/horaciobranciforte/curiosity-chat-api/internal/adapter/http/middleware/auth.go:50.48,52.3 1 1
github.com/horaciobranciforte/curiosity-chat-api/internal/adapter/http/middleware/auth.go:53.2,53.11 1 1
github.com/horaciobranciforte/curiosity-chat-api/internal/adapter/http/middleware/internal_auth.go:13.71,14.46 1 1
github.com/horaciobranciforte/curiosity-chat-api/internal/adapter/http/middleware/internal_auth.go:14.46,15.72 1 1
github.com/horaciobranciforte/curiosity-chat-api/internal/adapter/http/middleware/internal_auth.go:15.72,16.46 1 1
github.com/horaciobranciforte/curiosity-chat-api/internal/adapter/http/middleware/internal_auth.go:16.46,19.5 2 1
github.com/horaciobranciforte/curiosity-chat-api/internal/adapter/http/middleware/internal_auth.go:20.4,20.24 1 1
github.com/horaciobranciforte/curiosity-chat-api/test/mocks/conversation_repository_mock.go:16.96,19.2 2 0
github.com/horaciobranciforte/curiosity-chat-api/test/mocks/conversation_repository_mock.go:21.108,23.24 2 0
github.com/horaciobranciforte/curiosity-chat-api/test/mocks/conversation_repository_mock.go:23.24,25.3 1 0
github.com/horaciobranciforte/curiosity-chat-api/test/mocks/conversation_repository_mock.go:26.2,26.58 1 0
github.com/horaciobranciforte/curiosity-chat-api/test/mocks/conversation_repository_mock.go:29.128,31.24 2 0
github.com/horaciobranciforte/curiosity-chat-api/test/mocks/conversation_repository_mock.go:31.24,33.3 1 0
github.com/horaciobranciforte/curiosity-chat-api/test/mocks/conversation_repository_mock.go:34.2,34.58 1 0
github.com/horaciobranciforte/curiosity-chat-api/test/mocks/conversation_repository_mock.go:37.136,39.24 2 0
github.com/horaciobranciforte/curiosity-chat-api/test/mocks/conversation_repository_mock.go:39.24,41.3 1 0
github.com/horaciobranciforte/curiosity-chat-api/test/mocks/conversation_repository_mock.go:42.2,42.60 1 0
github.com/horaciobranciforte/curiosity-chat-api/test/mocks/conversation_repository_mock.go:45.99,48.2 2 0
github.com/horaciobranciforte/curiosity-chat-api/test/mocks/conversation_repository_mock.go:50.109,53.2 2 0
github.com/horaciobranciforte/curiosity-chat-api/test/mocks/follow_checker_mock.go:14.98,17.2 2 0
github.com/horaciobranciforte/curiosity-chat-api/test/mocks/message_repository_mock.go:15.88,18.2 2 0
github.com/horaciobranciforte/curiosity-chat-api/test/mocks/message_repository_mock.go:20.142,22.24 2 0
github.com/horaciobranciforte/curiosity-chat-api/test/mocks/message_repository_mock.go:22.24,24.3 1 0
github.com/horaciobranciforte/curiosity-chat-api/test/mocks/message_repository_mock.go:25.2,25.55 1 0
github.com/horaciobranciforte/curiosity-chat-api/test/mocks/message_repository_mock.go:28.110,31.2 2 0
github.com/horaciobranciforte/curiosity-chat-api/test/mocks/message_repository_mock.go:33.99,36.2 2 0
github.com/horaciobranciforte/curiosity-chat-api/test/mocks/message_repository_mock.go:38.124,41.2 2 0
github.com/horaciobranciforte/curiosity-chat-api/internal/domain/entity/conversation.go:20.57,22.13 2 1
github.com/horaciobranciforte/curiosity-chat-api/internal/domain/entity/conversation.go:22.13,24.3 1 1
github.com/horaciobranciforte/curiosity-chat-api/internal/domain/entity/conversation.go:25.2,30.3 1 1
github.com/horaciobranciforte/curiosity-chat-api/internal/domain/entity/conversation.go:34.59,36.2 1 1
github.com/horaciobranciforte/curiosity-chat-api/internal/domain/entity/conversation.go:39.56,40.23 1 1
github.com/horaciobranciforte/curiosity-chat-api/internal/domain/entity/conversation.go:40.23,42.3 1 1
github.com/horaciobranciforte/curiosity-chat-api/internal/domain/entity/conversation.go:43.2,43.18 1 1
github.com/horaciobranciforte/curiosity-chat-api/internal/domain/entity/message.go:41.72,52.2 2 1
github.com/horaciobranciforte/curiosity-chat-api/internal/domain/entity/message.go:57.97,68.20 3 1
github.com/horaciobranciforte/curiosity-chat-api/internal/domain/entity/message.go:68.20,71.3 2 1
github.com/horaciobranciforte/curiosity-chat-api/internal/domain/entity/message.go:72.2,72.23 1 1
github.com/horaciobranciforte/curiosity-chat-api/internal/domain/entity/message.go:72.23,75.3 2 1
github.com/horaciobranciforte/curiosity-chat-api/internal/domain/entity/message.go:76.2,76.12 1 1
